#
# A fatal error has been detected by the Java Runtime Environment:
#
#  EXCEPTION_ACCESS_VIOLATION (0xc0000005) at pc=0x00007ffa546ae517, pid=11188, tid=11896
#
# JRE version: Java(TM) SE Runtime Environment (25.0+37) (build 25+37-LTS-3491)
# Java VM: Java HotSpot(TM) 64-Bit Server VM (25+37-LTS-3491, mixed mode, sharing, tiered, compressed oops, compressed class ptrs, g1 gc, windows-amd64)
# Problematic frame:
# V  [jvm.dll+0x92e517]
#
# No core dump will be written. Minidumps are not enabled by default on client versions of Windows
#
# If you would like to submit a bug report, please visit:
#   https://bugreport.java.com/bugreport/crash.jsp
#

---------------  S U M M A R Y ------------

Command Line: -javaagent:C:\Program Files\JetBrains\IntelliJ IDEA Community Edition 2025.2.3\lib\idea_rt.jar=61976 -Dfile.encoding=UTF-8 -Dsun.stdout.encoding=UTF-8 -Dsun.stderr.encoding=UTF-8 Lesson_8.task_star_star.MyMain

Host: Intel(R) Core(TM) i5-2450M CPU @ 2.50GHz, 4 cores, 7G,  Windows 10 , 64 bit Build 19041 (10.0.19041.1645)
Time: Wed Nov  5 20:19:57 2025 elapsed time: 0.495952 seconds (0d 0h 0m 0s)

---------------  T H R E A D  ---------------

Current thread (0x0000024dd3aa8ea0):  JavaThread "main"             [_thread_in_vm, id=11896, stack(0x0000007d2cf00000,0x0000007d2d000000) (1024K)]

Stack: [0x0000007d2cf00000,0x0000007d2d000000],  sp=0x0000007d2cffe920,  free space=1018k
Native frames: (J=compiled Java code, j=interpreted, Vv=VM code, C=native code)
V  [jvm.dll+0x92e517]  (no source info available)
C  0x0000024de387d093  (no source info available)

The last pc belongs to native method entry point (kind = native) (printed below).
Java frames: (J=compiled Java code, j=interpreted, Vv=VM code)
j  jdk.internal.misc.Unsafe.getInt(Ljava/lang/Object;J)I+0 java.base@25
j  sun.misc.Unsafe.getInt(Ljava/lang/Object;J)I+8 jdk.unsupported@25
j  Lesson_8.task_star_star.AddressGetter.getUnsafe(Ljava/lang/Object;)Lsun/misc/Unsafe;+27
j  Lesson_8.task_star_star.AddressGetter.<clinit>()V+7
v  ~StubRoutines::call_stub 0x0000024de38712ed
j  Lesson_8.task_star_star.PersonalComputer.toString()Ljava/lang/String;+71
j  java.lang.String.valueOf(Ljava/lang/Object;)Ljava/lang/String;+11 java.base@25
j  java.io.PrintStream.println(Ljava/lang/Object;)V+1 java.base@25
j  Lesson_8.task_star_star.MyMain.composePC()V+126
j  Lesson_8.task_star_star.MyMain.main([Ljava/lang/String;)V+0
v  ~StubRoutines::call_stub 0x0000024de38712ed

siginfo: EXCEPTION_ACCESS_VIOLATION (0xc0000005), reading address 0x0000000000000010


Registers:
RAX=0x0000000000000000, RBX=0x0000024dd3aa8ea0, RCX=0x0000024dd3aa94a8, RDX=0x0000007d2cffea10
RSP=0x0000007d2cffe920, RBP=0x0000000000000010, RSI=0x0000000000000000, RDI=0x0000000000000000
R8 =0x0000000000000000, R9 =0x0000000000000010, R10=0x0000024de387d133, R11=0x0000000000000101
R12=0x0000000000000000, R13=0x000000003ccf6bf0, R14=0x0000007d2cffea10, R15=0x0000024dd3aa8ea0
RIP=0x00007ffa546ae517, EFLAGS=0x0000000000010246

XMM[0]=0x0000000000000000 0x0000000000000000
XMM[1]=0x0000000000000000 0x0000000000000000
XMM[2]=0x0000000000000000 0x0000000000000000
XMM[3]=0x0000000000000000 0x0000000000000000
XMM[4]=0x0000000000000000 0x0000000000000000
XMM[5]=0x0000000000000000 0x0000000000000000
XMM[6]=0x0000000000000000 0x0000000000000000
XMM[7]=0x0000000000000000 0x0000000000000000
XMM[8]=0x0000000000000000 0x0000000000000000
XMM[9]=0x0000000000000000 0x0000000000000000
XMM[10]=0x0000000000000000 0x0000000000000000
XMM[11]=0x0000000000000000 0x0000000000000000
XMM[12]=0x0000000000000000 0x0000000000000000
XMM[13]=0x0000000000000000 0x0000000000000000
XMM[14]=0x0000000000000000 0x0000000000000000
XMM[15]=0x0000000000000000 0x0000000000000000
  MXCSR=0x00001fa0


Register to memory mapping:

RAX=0x0 is null
RBX=0x0000024dd3aa8ea0 is a thread
RCX=0x0000024dd3aa94a8 points into unknown readable memory: 0x0000024dd3aa8ea0 | a0 8e aa d3 4d 02 00 00
RDX=0x0000007d2cffea10 is pointing into the stack for thread: 0x0000024dd3aa8ea0
RSP=0x0000007d2cffe920 is pointing into the stack for thread: 0x0000024dd3aa8ea0
RBP=0x0000000000000010 is an unknown value
RSI=0x0 is null
RDI=0x0 is null
R8 =0x0 is null
R9 =0x0000000000000010 is an unknown value
R10=0x0000024de387d133 is at code_begin+1139 in an Interpreter codelet
native method entry point (kind = native)  [0x0000024de387ccc0, 0x0000024de387d7b8]  2808 bytes
R11=0x0000000000000101 is an unknown value
R12=0x0 is null
R13=0x000000003ccf6bf0 is pointing into metadata
R14=0x0000007d2cffea10 is pointing into the stack for thread: 0x0000024dd3aa8ea0
R15=0x0000024dd3aa8ea0 is a thread

Top of Stack: (sp=0x0000007d2cffe920)
0x0000007d2cffe920:   0000007d2cffe938 0000007d2cffe988   8..,}......,}...
0x0000007d2cffe930:   0000024de3878b18 000000008af78f00   ....M...........
0x0000007d2cffe940:   0000024de3878b18 0000024de387d093   ....M.......M...
0x0000007d2cffe950:   0000000000000006 000000003c494458   ........XDI<....
0x0000007d2cffe960:   0000007d2cffe9d8 00000000000000e8   ...,}...........
0x0000007d2cffe970:   0000024df10d5da0 0000000000000000   .]..M...........
0x0000007d2cffe980:   0000007d2cffe9c0 0000007d2cffea08   ...,}......,}...
0x0000007d2cffe990:   fffffffffffffff7 0000000000000000   ................
0x0000007d2cffe9a0:   0000000000000007 000000003c495130   ........0QI<....
0x0000007d2cffe9b0:   0000000000000000 00000000ffe87b20   ........ {......
0x0000007d2cffe9c0:   000000003c494458 0000000000000000   XDI<............
0x0000007d2cffe9d0:   0000007d2cffe9f8 0000007d2cffea60   ...,}...`..,}...
0x0000007d2cffe9e0:   0000024de3878c60 0000000000000000   `...M...........
0x0000007d2cffe9f0:   0000024de387a755 0000000000000010   U...M...........
0x0000007d2cffea00:   0000000000000000 0000000000000000   ................
0x0000007d2cffea10:   000000008b304f20 fffffffffffffff7    O0.............
0x0000007d2cffea20:   0000024df10d0718 0000000000000005   ....M...........
0x0000007d2cffea30:   0000024df10d7b30 0000000000000000   0{..M...........
0x0000007d2cffea40:   000000008af543c8 0000024df10d0750   .C......P...M...
0x0000007d2cffea50:   fffffffffffffff3 0000007d2cffea70   ........p..,}...
0x0000007d2cffea60:   0000007d2cffead8 0000024de3878c60   ...,}...`...M...
0x0000007d2cffea70:   0000000000000010 0000000000000000   ................
0x0000007d2cffea80:   0000000000000000 000000008af55ab0   .........Z......
0x0000007d2cffea90:   fffffffffffffff7 0000024df140b053   ........S.@.M...
0x0000007d2cffeaa0:   0000000000000005 0000024df140b320   ........ .@.M...
0x0000007d2cffeab0:   0000000000000000 000000008af53ea0   .........>......
0x0000007d2cffeac0:   0000024df140b0a0 fffffffffffffff3   ..@.M...........
0x0000007d2cffead0:   0000007d2cffeb00 0000007d2cffeb50   ...,}...P..,}...
0x0000007d2cffeae0:   0000024de3878cb2 0000000000000000   ....M...........
0x0000007d2cffeaf0:   000000008af55ab0 000000008af55860   .Z......`X......
0x0000007d2cffeb00:   0000000000000000 fffffffffffffff7   ................
0x0000007d2cffeb10:   0000024df140b137 0000000000000002   7.@.M...........

Instructions: (pc=0x00007ffa546ae517)
  0x00007ffa546ae417:   a5 c5 a7 ff 48 8b 74 24 40 90 c7 83 d4 04 00 00
  0x00007ffa546ae427:   04 00 00 00 48 8b 5c 24 38 48 83 c4 20 5f c3 cc
  0x00007ffa546ae437:   cc cc cc cc cc cc cc cc cc 48 89 5c 24 10 48 89
  0x00007ffa546ae447:   6c 24 18 48 89 74 24 20 57 48 83 ec 20 8b 81 a0
  0x00007ffa546ae457:   00 00 00 48 8d 99 b8 fb ff ff 05 53 21 ff ff 49
  0x00007ffa546ae467:   8b e9 49 8b f0 83 f8 01 77 08 48 8b cb e8 47 c5
  0x00007ffa546ae477:   b5 ff 80 3d ba dc 41 00 00 c7 83 d4 04 00 00 06
  0x00007ffa546ae487:   00 00 00 75 06 e8 af 6e e6 ff 90 48 8b 43 28 a8
  0x00007ffa546ae497:   01 74 0d 45 33 c0 b2 01 48 8b cb e8 99 08 ee ff
  0x00007ffa546ae4a7:   8b 83 d0 04 00 00 c1 e8 03 a8 01 74 08 48 8b cb
  0x00007ffa546ae4b7:   e8 84 de b5 ff 48 8d 8b 08 06 00 00 c7 83 d4 04
  0x00007ffa546ae4c7:   00 00 06 00 00 00 e8 fe da b0 ff 33 ff 84 c0 75
  0x00007ffa546ae4d7:   49 48 85 f6 74 33 48 8b c6 83 e0 03 48 83 f8 01
  0x00007ffa546ae4e7:   75 0f 48 8d 4e ff ff 15 05 52 3b 00 48 8b f8 eb
  0x00007ffa546ae4f7:   18 48 83 f8 02 75 0f 48 8d 4e fe ff 15 18 bb 3a
  0x00007ffa546ae507:   00 48 8b f8 eb 03 48 8b 3e c6 83 f0 04 00 00 01
=>0x00007ffa546ae517:   8b 3c 2f c6 83 f0 04 00 00 00 48 8b b3 a8 01 00
  0x00007ffa546ae527:   00 48 8b 46 10 48 83 38 00 74 08 48 8b ce e8 26
  0x00007ffa546ae537:   be b0 ff 48 8b 56 08 48 8b 4e 10 48 89 4a 18 48
  0x00007ffa546ae547:   8b 56 08 48 8b 4e 18 48 89 4a 20 48 8b 4e 20 48
  0x00007ffa546ae557:   8b 56 08 48 89 4a 28 48 8d 8b 28 04 00 00 e8 56
  0x00007ffa546ae567:   c4 a7 ff 48 8b 6c 24 40 90 48 8b 74 24 48 8b c7
  0x00007ffa546ae577:   c7 83 d4 04 00 00 04 00 00 00 48 8b 5c 24 38 48
  0x00007ffa546ae587:   83 c4 20 5f c3 cc cc cc cc 48 89 5c 24 10 48 89
  0x00007ffa546ae597:   74 24 18 57 48 83 ec 20 8b 81 a0 00 00 00 48 8d
  0x00007ffa546ae5a7:   99 b8 fb ff ff 05 53 21 ff ff 49 8b f1 49 8b f8
  0x00007ffa546ae5b7:   83 f8 01 77 08 48 8b cb e8 fc c3 b5 ff 80 3d 6f
  0x00007ffa546ae5c7:   db 41 00 00 c7 83 d4 04 00 00 06 00 00 00 75 06
  0x00007ffa546ae5d7:   e8 64 6d e6 ff 90 48 8b 43 28 a8 01 74 0d 45 33
  0x00007ffa546ae5e7:   c0 b2 01 48 8b cb e8 4e 07 ee ff 8b 83 d0 04 00
  0x00007ffa546ae5f7:   00 c1 e8 03 a8 01 74 08 48 8b cb e8 39 dd b5 ff
  0x00007ffa546ae607:   48 8d 8b 08 06 00 00 c7 83 d4 04 00 00 06 00 00


Stack slot to memory mapping:

stack at sp + 0 slots: 0x0000007d2cffe938 is pointing into the stack for thread: 0x0000024dd3aa8ea0
stack at sp + 1 slots: 0x0000007d2cffe988 is pointing into the stack for thread: 0x0000024dd3aa8ea0
stack at sp + 2 slots: 0x0000024de3878b18 is at code_begin+1272 in an Interpreter codelet
return entry points  [0x0000024de3878620, 0x0000024de3879298]  3192 bytes
stack at sp + 3 slots: 0x000000008af78f00 is an oop: java.lang.String 
{0x000000008af78f00} - klass: 'java/lang/String' - flags: 

 - string: "WARNING: A terminally deprecated method in sun.misc.Unsafe has been called\x0AWARNING: sun.misc.Unsafe::getInt has been called by L ... (155 characters ommitted) ...  maintainers of class Lesson_8.task_star_star.AddressGetter\x0AWARNING: sun.misc.Unsafe::getInt will be removed in a future release" (abridged) 
 - ---- fields (total size 3 words):
 - private 'hash' 'I' @12  0 (0x00000000)
 - private final 'coder' 'B' @16  0 (0x00)
 - private 'hashIsZero' 'Z' @17  false (0x00)
 - injected 'flags' 'B' @18  0 (0x00)
 - private final 'value' '[B' @20  [B{0x000000008af78f18} (0x8af78f18)
stack at sp + 4 slots: 0x0000024de3878b18 is at code_begin+1272 in an Interpreter codelet
return entry points  [0x0000024de3878620, 0x0000024de3879298]  3192 bytes
stack at sp + 5 slots: 0x0000024de387d093 is at code_begin+979 in an Interpreter codelet
native method entry point (kind = native)  [0x0000024de387ccc0, 0x0000024de387d7b8]  2808 bytes
stack at sp + 6 slots: 0x0000000000000006 is an unknown value
stack at sp + 7 slots: {method} {0x000000003c494460} 'getInt' '(Ljava/lang/Object;J)I' in 'jdk/internal/misc/Unsafe'

Lock stack of current Java thread (top to bottom):

native method entry point (kind = native)  [0x0000024de387ccc0, 0x0000024de387d7b8]  2808 bytes
[MachCode]
  0x0000024de387ccc0: 488b 4b08 | 0fb7 492e | 584c 8d74 | ccf8 6800 | 0000 0068 | 0000 0000 | 5055 488b | ec41 5548 
  0x0000024de387cce0: 8b43 084c | 8d68 3848 | 8b40 0868 | 0000 0000 | 5348 8b50 | 1848 8b52 | 7048 8b12 | 5248 8b53 
  0x0000024de387cd00: 1048 85d2 | 7407 4881 | c2d0 0000 | 0052 488b | 5010 5249 | 8bc6 482b | c548 c1e8 | 0350 6800 
  0x0000024de387cd20: 0000 0068 | f7ff ffff | 41c6 87f1 | 0400 0001 | 488b 4310 | 4885 c074 | 208b 8890 | 0000 0083 
  0x0000024de387cd40: c102 8988 | 9000 0000 | 2388 a400 | 0000 0f84 | b209 0000 | e9cf 0000 | 0048 8b43 | 1848 85c0 
  0x0000024de387cd60: 0f85 b000 | 0000 e805 | 0000 00e9 | 9900 0000 | 488b d348 | 8d44 2408 | 4c89 6dc0 | 498b cfc5 
  0x0000024de387cd80: f877 4989 | af38 0400 | 0049 8987 | 2804 0000 | 4883 ec20 | 40f6 c40f | 0f84 1900 | 0000 4883 
  0x0000024de387cda0: ec08 48b8 | e01e 1f54 | fa7f 0000 | ffd0 4883 | c408 e90c | 0000 0048 | b8e0 1e1f | 54fa 7f00 
  0x0000024de387cdc0: 00ff d048 | 83c4 2049 | c787 2804 | 0000 0000 | 0000 49c7 | 8738 0400 | 0000 0000 | 0049 c787 
  0x0000024de387cde0: 3004 0000 | 0000 0000 | c5f8 7749 | 837f 0800 | 0f84 0500 | 0000 e9e5 | 43ff ff4c | 8b6d c04c 
  0x0000024de387ce00: 8b75 c84e | 8d74 f500 | c348 8b43 | 1848 85c0 | 0f84 1200 | 0000 8b48 | 0883 c102 | 8948 0823 
  0x0000024de387ce20: 482c 0f84 | de08 0000 | 493b a770 | 0500 000f | 8748 0000 | 0089 8424 | 00f0 ffff | 8984 2400 
  0x0000024de387ce40: e0ff ff89 | 8424 00d0 | ffff 8984 | 2400 c0ff | ff89 8424 | 00b0 ffff | 8984 2400 | a0ff ff89 
  0x0000024de387ce60: 8424 0090 | ffff 8984 | 2400 80ff | ff49 3ba7 | 6805 0000 | 7607 4989 | a770 0500 | 0041 c687 
  0x0000024de387ce80: f104 0000 | 0048 8b5d | e84c 8b5b | 0845 0fb7 | 5b2e 41c1 | e303 492b | e348 83ec | 2048 83e4 
  0x0000024de387cea0: f04c 8b5b | 604d 85db | 0f85 ab00 | 0000 e805 | 0000 00e9 | 9900 0000 | 488b d348 | 8d44 2408 
  0x0000024de387cec0: 4c89 6dc0 | 498b cfc5 | f877 4989 | af38 0400 | 0049 8987 | 2804 0000 | 4883 ec20 | 40f6 c40f 
  0x0000024de387cee0: 0f84 1900 | 0000 4883 | ec08 48b8 | 1048 1f54 | fa7f 0000 | ffd0 4883 | c408 e90c | 0000 0048 
  0x0000024de387cf00: b810 481f | 54fa 7f00 | 00ff d048 | 83c4 2049 | c787 2804 | 0000 0000 | 0000 49c7 | 8738 0400 
  0x0000024de387cf20: 0000 0000 | 0049 c787 | 3004 0000 | 0000 0000 | c5f8 7749 | 837f 0800 | 0f84 0500 | 0000 e99d 
  0x0000024de387cf40: 42ff ff4c | 8b6d c04c | 8b75 c84e | 8d74 f500 | c348 8b5d | e84c 8b5b | 6041 ffd3 | 488b 5de8 
  0x0000024de387cf60: 4889 4518 | 440f b75b | 2c41 f6c3 | 080f 841b | 0000 004c | 8b5b 084d | 8b5b 084d | 8b5b 184d 
  0x0000024de387cf80: 8b5b 704d | 8b1b 4c89 | 5d10 488d | 5510 488b | 4358 49ba | 800e 5a54 | fa7f 0000 | 493b c20f 
  0x0000024de387cfa0: 85ab 0000 | 00e8 0500 | 0000 e999 | 0000 0048 | 8bd3 488d | 4424 084c | 896d c049 | 8bcf c5f8 
  0x0000024de387cfc0: 7749 89af | 3804 0000 | 4989 8728 | 0400 0048 | 83ec 2040 | f6c4 0f0f | 8419 0000 | 0048 83ec 
  0x0000024de387cfe0: 0848 b810 | 481f 54fa | 7f00 00ff | d048 83c4 | 08e9 0c00 | 0000 48b8 | 1048 1f54 | fa7f 0000 
  0x0000024de387d000: ffd0 4883 | c420 49c7 | 8728 0400 | 0000 0000 | 0049 c787 | 3804 0000 | 0000 0000 | 49c7 8730 
  0x0000024de387d020: 0400 0000 | 0000 00c5 | f877 4983 | 7f08 000f | 8405 0000 | 00e9 a641 | ffff 4c8b | 6dc0 4c8b 
  0x0000024de387d040: 75c8 4e8d | 74f5 00c3 | 488b 5de8 | 488b 4358 | 498d 8f48 | 0400 004c | 8d15 d500 | 0000 4d89 
  0x0000024de387d060: 9730 0400 | 00c5 f877 | 4989 af38 | 0400 0049 | 89a7 2804 | 0000 41c7 | 87d4 0400 | 0004 0000 
  0x0000024de387d080: 0049 3ba7 | c805 0000 | 7607 4989 | a7c8 0500 | 00ff d049 | 3ba7 c805 | 0000 720b | 49c7 87c8 
  0x0000024de387d0a0: 0500 0000 | 0000 00c5 | f877 4883 | ec10 c5fb | 1104 2448 | 83ec 1048 | 8904 2448 | c744 2408 
  0x0000024de387d0c0: 0000 0000 | 41c7 87d4 | 0400 0005 | 0000 00f0 | 8344 24c0 | 0049 3b6f | 280f 870e | 0000 0041 
  0x0000024de387d0e0: 83bf d004 | 0000 000f | 8420 0000 | 0049 8bcf | 4c8b e448 | 83ec 2048 | 83e4 f048 | b840 ac20 
  0x0000024de387d100: 54fa 7f00 | 00ff d049 | 8be4 4d33 | e441 c787 | d404 0000 | 0800 0000 | 4d8b 97f0 | 0500 0049 
  0x0000024de387d120: 83fa 0074 | 3549 c787 | f005 0000 | 0000 0000 | 41ff e249 | ba60 be87 | e34d 0200 | 0041 ffd2 
  0x0000024de387d140: 4883 ec10 | c5fb 1104 | 2448 83ec | 1048 8904 | 2448 c744 | 2408 0000 | 0000 49c7 | 8728 0400 
  0x0000024de387d160: 0000 0000 | 0049 c787 | 3804 0000 | 0000 0000 | 49c7 8730 | 0400 0000 | 0000 00c5 | f877 4d8b 
  0x0000024de387d180: 9fb8 0400 | 0041 c783 | 0001 0000 | 0000 0000 | 49bb 5aa7 | 87e3 4d02 | 0000 4c3b | 5d18 0f85 
  0x0000024de387d1a0: 5501 0000 | 488b 0424 | 4883 c410 | 4885 c00f | 842f 0100 | 00a8 030f | 8508 0000 | 0048 8b00 
  0x0000024de387d1c0: e91f 0100 | 00a8 010f | 8509 0000 | 0048 8b40 | fee9 0e01 | 0000 488b | 40ff 4180 | 7f48 000f 
  0x0000024de387d1e0: 84ff 0000 | 0048 83f8 | 000f 84f5 | 0000 004d | 8b5f 384d | 85db 0f84 | 1400 0000 | 4983 eb08 
  0x0000024de387d200: 4d89 5f38 | 4d03 5f40 | 4989 03e9 | d400 0000 | 4883 ec70 | 4889 0424 | 4889 4c24 | 0848 8954 
  0x0000024de387d220: 2410 4c89 | 4424 184c | 894c 2420 | 4c89 5424 | 284c 895c | 2430 c5fb | 1144 2440 | c5fb 114c 
  0x0000024de387d240: 2448 c5fb | 1154 2450 | c5fb 115c | 2458 c5fb | 1164 2460 | c5fb 116c | 2468 498b | d748 8bc8 
  0x0000024de387d260: 4883 ec20 | 40f6 c40f | 0f84 1900 | 0000 4883 | ec08 48b8 | 2076 1354 | fa7f 0000 | ffd0 4883 
  0x0000024de387d280: c408 e90c | 0000 0048 | b820 7613 | 54fa 7f00 | 00ff d048 | 83c4 20c5 | fb10 6c24 | 68c5 fb10 
  0x0000024de387d2a0: 6424 60c5 | fb10 5c24 | 58c5 fb10 | 5424 50c5 | fb10 4c24 | 48c5 fb10 | 4424 404c | 8b5c 2430 
  0x0000024de387d2c0: 4c8b 5424 | 284c 8b4c | 2420 4c8b | 4424 1848 | 8b54 2410 | 488b 4c24 | 0848 8b04 | 2448 83c4 
  0x0000024de387d2e0: 70c5 f877 | 4889 4510 | 4883 ec10 | 4889 0424 | 48c7 4424 | 0800 0000 | 0041 83bf | 5005 0000 
  0x0000024de387d300: 020f 85bf | 0000 0048 | 81ec 8000 | 0000 4889 | 4424 7848 | 894c 2470 | 4889 5424 | 6848 895c 
  0x0000024de387d320: 2460 4889 | 6c24 5048 | 8974 2448 | 4889 7c24 | 404c 8944 | 2438 4c89 | 4c24 304c | 8954 2428 
  0x0000024de387d340: 4c89 5c24 | 204c 8964 | 2418 4c89 | 6c24 104c | 8974 2408 | 4c89 3c24 | 4c8b e448 | 83ec 2048 
  0x0000024de387d360: 83e4 f048 | b8f0 f559 | 54fa 7f00 | 00ff d049 | 8be4 4c8b | 3c24 4c8b | 7424 084c | 8b6c 2410 
  0x0000024de387d380: 4c8b 6424 | 184c 8b5c | 2420 4c8b | 5424 284c | 8b4c 2430 | 4c8b 4424 | 3848 8b7c | 2440 488b 
  0x0000024de387d3a0: 7424 4848 | 8b6c 2450 | 488b 5c24 | 6048 8b54 | 2468 488b | 4c24 7048 | 8b44 2478 | 4881 c480 
  0x0000024de387d3c0: 0000 004d | 33e4 488b | 5de8 4c8b | 6b08 4d8d | 6d38 4983 | 7f08 000f | 84bb 0000 | 00e8 0500 
  0x0000024de387d3e0: 0000 e996 | 0000 0048 | 8d44 2408 | 4c89 6dc0 | 498b cfc5 | f877 4989 | af38 0400 | 0049 8987 
  0x0000024de387d400: 2804 0000 | 4883 ec20 | 40f6 c40f | 0f84 1900 | 0000 4883 | ec08 48b8 | 5066 1f54 | fa7f 0000 
  0x0000024de387d420: ffd0 4883 | c408 e90c | 0000 0048 | b850 661f | 54fa 7f00 | 00ff d048 | 83c4 2049 | c787 2804 
  0x0000024de387d440: 0000 0000 | 0000 49c7 | 8738 0400 | 0000 0000 | 0049 c787 | 3004 0000 | 0000 0000 | c5f8 7749 
  0x0000024de387d460: 837f 0800 | 0f84 0500 | 0000 e971 | 3dff ff4c | 8b6d c04c | 8b75 c84e | 8d74 f500 | c348 b938 
  0x0000024de387d480: 0883 54fa | 7f00 0048 | 83e4 f048 | b850 8c46 | 54fa 7f00 | 00ff d0f4 | 440f b75b | 2c41 f6c3 
  0x0000024de387d4a0: 200f 8472 | 0100 0048 | 8d55 a84c | 8b5a 084d | 85db 0f85 | bb00 0000 | e805 0000 | 00e9 9600 
  0x0000024de387d4c0: 0000 488d | 4424 084c | 896d c049 | 8bcf c5f8 | 7749 89af | 3804 0000 | 4989 8728 | 0400 0048 
  0x0000024de387d4e0: 83ec 2040 | f6c4 0f0f | 8419 0000 | 0048 83ec | 0848 b880 | 651f 54fa | 7f00 00ff | d048 83c4 
  0x0000024de387d500: 08e9 0c00 | 0000 48b8 | 8065 1f54 | fa7f 0000 | ffd0 4883 | c420 49c7 | 8728 0400 | 0000 0000 
  0x0000024de387d520: 0049 c787 | 3804 0000 | 0000 0000 | 49c7 8730 | 0400 0000 | 0000 00c5 | f877 4983 | 7f08 000f 
  0x0000024de387d540: 8405 0000 | 00e9 963c | ffff 4c8b | 6dc0 4c8b | 75c8 4e8d | 74f5 00c3 | 48b9 3808 | 8354 fa7f 
  0x0000024de387d560: 0000 4883 | e4f0 48b8 | 508c 4654 | fa7f 0000 | ffd0 f44c | 896d c04c | 8b4a 0848 | c742 0800 
  0x0000024de387d580: 0000 0045 | 8b87 d806 | 0000 4f3b | 4c07 f80f | 8542 0000 | 0041 83af | d806 0000 | 084f 3b4c 
  0x0000024de387d5a0: 07f0 0f84 | 2a00 0000 | 498b 01a8 | 020f 8512 | 0000 004c | 8bc0 4983 | c801 f04d | 0fb1 010f 
  0x0000024de387d5c0: 840d 0000 | 0041 8387 | d806 0000 | 08e9 0500 | 0000 e93e | 0000 004c | 894a 0848 | 8bca 4883 
  0x0000024de387d5e0: ec20 40f6 | c40f 0f84 | 1900 0000 | 4883 ec08 | 48b8 d037 | 1f54 fa7f | 0000 ffd0 | 4883 c408 
  0x0000024de387d600: e90c 0000 | 0048 b8d0 | 371f 54fa | 7f00 00ff | d048 83c4 | 204c 8b6d | c041 c687 | 9603 0000 
  0x0000024de387d620: 0149 3b6f | 280f 8705 | 0000 00e9 | ab00 0000 | 4883 ec10 | c5fb 1104 | 2448 83ec | 1048 8904 
  0x0000024de387d640: 2448 c744 | 2408 0000 | 0000 c5f8 | 7749 89af | 3804 0000 | 49ba 4ad6 | 87e3 4d02 | 0000 4d89 
  0x0000024de387d660: 9730 0400 | 0049 89a7 | 2804 0000 | 498b cf48 | 83ec 2040 | f6c4 0f0f | 8419 0000 | 0048 83ec 
  0x0000024de387d680: 0848 b870 | 1e1f 54fa | 7f00 00ff | d048 83c4 | 08e9 0c00 | 0000 48b8 | 701e 1f54 | fa7f 0000 
  0x0000024de387d6a0: ffd0 4883 | c420 49c7 | 8728 0400 | 0000 0000 | 0049 c787 | 3804 0000 | 0000 0000 | 49c7 8730 
  0x0000024de387d6c0: 0400 0000 | 0000 00c5 | f877 488b | 0424 4883 | c410 c5fb | 1004 2448 | 83c4 1048 | 8b04 2448 
  0x0000024de387d6e0: 83c4 10c5 | fb10 0424 | 4883 c410 | 4c8b 5d18 | 41ff d34c | 8b5d f8c9 | 41c6 8796 | 0300 0000 
  0x0000024de387d700: 5f49 8be3 | ffe7 ba00 | 0000 00e8 | 0500 0000 | e996 0000 | 0048 8d44 | 2408 4c89 | 6dc0 498b 
  0x0000024de387d720: cfc5 f877 | 4989 af38 | 0400 0049 | 8987 2804 | 0000 4883 | ec20 40f6 | c40f 0f84 | 1900 0000 
  0x0000024de387d740: 4883 ec08 | 48b8 c02d | 1f54 fa7f | 0000 ffd0 | 4883 c408 | e90c 0000 | 0048 b8c0 | 2d1f 54fa 
  0x0000024de387d760: 7f00 00ff | d048 83c4 | 2049 c787 | 2804 0000 | 0000 0000 | 49c7 8738 | 0400 0000 | 0000 0049 
  0x0000024de387d780: c787 3004 | 0000 0000 | 0000 c5f8 | 7749 837f | 0800 0f84 | 0500 0000 | e943 3aff | ff4c 8b6d 
  0x0000024de387d7a0: c04c 8b75 | c84e 8d74 | f500 c348 | 8b5d e8e9 | 74f6 ffff | 0f1f 4000 
[/MachCode]

---------------  P R O C E S S  ---------------

Threads class SMR info:
_java_thread_list=0x0000024df0203560, length=12, elements={
0x0000024dd3aa8ea0, 0x0000024deffbdf50, 0x0000024deffbec60, 0x0000024deffc2ac0,
0x0000024deffc3680, 0x0000024deffc6250, 0x0000024deffc6e10, 0x0000024deffdc900,
0x0000024deffffb40, 0x0000024df01b31b0, 0x0000024df0195580, 0x0000024df0195d40
}

Java Threads: ( => current thread )
=>0x0000024dd3aa8ea0 JavaThread "main"                              [_thread_in_vm, id=11896, stack(0x0000007d2cf00000,0x0000007d2d000000) (1024K)]
  0x0000024deffbdf50 JavaThread "Reference Handler"          daemon [_thread_blocked, id=2228, stack(0x0000007d2d700000,0x0000007d2d800000) (1024K)]
  0x0000024deffbec60 JavaThread "Finalizer"                  daemon [_thread_blocked, id=8632, stack(0x0000007d2d800000,0x0000007d2d900000) (1024K)]
  0x0000024deffc2ac0 JavaThread "Signal Dispatcher"          daemon [_thread_blocked, id=4524, stack(0x0000007d2d900000,0x0000007d2da00000) (1024K)]
  0x0000024deffc3680 JavaThread "Attach Listener"            daemon [_thread_blocked, id=3204, stack(0x0000007d2da00000,0x0000007d2db00000) (1024K)]
  0x0000024deffc6250 JavaThread "Service Thread"             daemon [_thread_blocked, id=10704, stack(0x0000007d2db00000,0x0000007d2dc00000) (1024K)]
  0x0000024deffc6e10 JavaThread "Monitor Deflation Thread"   daemon [_thread_blocked, id=10228, stack(0x0000007d2dc00000,0x0000007d2dd00000) (1024K)]
  0x0000024deffdc900 JavaThread "C2 CompilerThread0"         daemon [_thread_blocked, id=248, stack(0x0000007d2dd00000,0x0000007d2de00000) (1024K)]
  0x0000024deffffb40 JavaThread "C1 CompilerThread0"         daemon [_thread_blocked, id=13092, stack(0x0000007d2de00000,0x0000007d2df00000) (1024K)]
  0x0000024df01b31b0 JavaThread "Common-Cleaner"             daemon [_thread_blocked, id=12760, stack(0x0000007d2df00000,0x0000007d2e000000) (1024K)]
  0x0000024df0195580 JavaThread "Monitor Ctrl-Break"         daemon [_thread_in_native, id=5372, stack(0x0000007d2e000000,0x0000007d2e100000) (1024K)]
  0x0000024df0195d40 JavaThread "Notification Thread"        daemon [_thread_blocked, id=10484, stack(0x0000007d2e100000,0x0000007d2e200000) (1024K)]
Total: 12

Other Threads:
  0x0000024dd3b6cbf0 VMThread "VM Thread"                           [id=12576, stack(0x0000007d2d600000,0x0000007d2d700000) (1024K)]
  0x0000024dd3b62910 WatcherThread "VM Periodic Task Thread"        [id=11476, stack(0x0000007d2d500000,0x0000007d2d600000) (1024K)]
  0x0000024dd3b00c30 WorkerThread "GC Thread#0"                     [id=3968, stack(0x0000007d2d000000,0x0000007d2d100000) (1024K)]
  0x0000024dd3b192e0 ConcurrentGCThread "G1 Main Marker"            [id=11452, stack(0x0000007d2d100000,0x0000007d2d200000) (1024K)]
  0x0000024dd3b1a000 WorkerThread "G1 Conc#0"                       [id=6376, stack(0x0000007d2d200000,0x0000007d2d300000) (1024K)]
  0x0000024dd3b4f7c0 ConcurrentGCThread "G1 Refine#0"               [id=6124, stack(0x0000007d2d300000,0x0000007d2d400000) (1024K)]
  0x0000024dd3b503d0 ConcurrentGCThread "G1 Service"                [id=12984, stack(0x0000007d2d400000,0x0000007d2d500000) (1024K)]
Total: 7

Threads with active compile tasks:
Total: 0

VM state: not at safepoint (normal execution)

VM Mutex/Monitor currently owned by a thread: None

Heap address: 0x0000000083600000, size: 1994 MB, Compressed Oops mode: 32-bit

CDS archive(s) mapped at: [0x000000003c000000-0x000000003cdd0000-0x000000003cdd0000), size 14483456, SharedBaseAddress: 0x000000003c000000, ArchiveRelocationMode: 1.
Compressed class space mapped at: 0x000000003d000000-0x000000007d000000, reserved size: 1073741824
UseCompressedClassPointers 1, UseCompactObjectHeaders 0
Narrow klass pointer bits 32, Max shift 3
Narrow klass base: 0x000000003c000000, Narrow klass shift: 0
Encoding Range: [0x000000003c000000 - 0x000000013c000000), (4294967296 bytes)
Klass Range:    [0x000000003c010000 - 0x000000007d000000), (1090453504 bytes)
Klass ID Range:  [65536 - 1090519033) (1090453497)
Protection zone: [0x000000003c000000 - 0x000000003c010000), (65536 bytes)

GC Precious Log:
 CardTable entry size: 512
 Card Set container configuration: InlinePtr #cards 5 size 8 Array Of Cards #cards 10 size 36 Howl #buckets 4 coarsen threshold 1843 Howl Bitmap #cards 512 size 80 coarsen threshold 460 Card regions per heap region 1 cards per card region 2048
 CPUs: 4 total, 4 available
 Memory: 7968M
 Large Page Support: Disabled
 NUMA Support: Disabled
 Compressed Oops: Enabled (32-bit)
 Heap Region Size: 1M
 Heap Min Capacity: 8M
 Heap Initial Capacity: 126M
 Heap Max Capacity: 1994M
 Pre-touch: Disabled
 Parallel Workers: 4
 Concurrent Workers: 1
 Concurrent Refinement Workers: 4
 Periodic GC: Disabled

Heap:
 garbage-first heap   total reserved 2041856K, committed 131072K, used 5269K [0x0000000083600000, 0x0000000100000000)
  region size 1024K, 5 young (5120K), 0 survivors (0K)

Heap Regions: E=young(eden), S=young(survivor), O=old, HS=humongous(starts), HC=humongous(continues), CS=collection set, F=free, TAMS=top-at-mark-start, PB=parsable bottom
|   0|0x0000000083600000, 0x0000000083600000, 0x0000000083700000|  0%| F|  |TAMS 0x0000000083600000| PB 0x0000000083600000| Untracked |  0
|   1|0x0000000083700000, 0x0000000083700000, 0x0000000083800000|  0%| F|  |TAMS 0x0000000083700000| PB 0x0000000083700000| Untracked |  0
|   2|0x0000000083800000, 0x0000000083800000, 0x0000000083900000|  0%| F|  |TAMS 0x0000000083800000| PB 0x0000000083800000| Untracked |  0
|   3|0x0000000083900000, 0x0000000083900000, 0x0000000083a00000|  0%| F|  |TAMS 0x0000000083900000| PB 0x0000000083900000| Untracked |  0
|   4|0x0000000083a00000, 0x0000000083a00000, 0x0000000083b00000|  0%| F|  |TAMS 0x0000000083a00000| PB 0x0000000083a00000| Untracked |  0
|   5|0x0000000083b00000, 0x0000000083b00000, 0x0000000083c00000|  0%| F|  |TAMS 0x0000000083b00000| PB 0x0000000083b00000| Untracked |  0
|   6|0x0000000083c00000, 0x0000000083c00000, 0x0000000083d00000|  0%| F|  |TAMS 0x0000000083c00000| PB 0x0000000083c00000| Untracked |  0
|   7|0x0000000083d00000, 0x0000000083d00000, 0x0000000083e00000|  0%| F|  |TAMS 0x0000000083d00000| PB 0x0000000083d00000| Untracked |  0
|   8|0x0000000083e00000, 0x0000000083e00000, 0x0000000083f00000|  0%| F|  |TAMS 0x0000000083e00000| PB 0x0000000083e00000| Untracked |  0
|   9|0x0000000083f00000, 0x0000000083f00000, 0x0000000084000000|  0%| F|  |TAMS 0x0000000083f00000| PB 0x0000000083f00000| Untracked |  0
|  10|0x0000000084000000, 0x0000000084000000, 0x0000000084100000|  0%| F|  |TAMS 0x0000000084000000| PB 0x0000000084000000| Untracked |  0
|  11|0x0000000084100000, 0x0000000084100000, 0x0000000084200000|  0%| F|  |TAMS 0x0000000084100000| PB 0x0000000084100000| Untracked |  0
|  12|0x0000000084200000, 0x0000000084200000, 0x0000000084300000|  0%| F|  |TAMS 0x0000000084200000| PB 0x0000000084200000| Untracked |  0
|  13|0x0000000084300000, 0x0000000084300000, 0x0000000084400000|  0%| F|  |TAMS 0x0000000084300000| PB 0x0000000084300000| Untracked |  0
|  14|0x0000000084400000, 0x0000000084400000, 0x0000000084500000|  0%| F|  |TAMS 0x0000000084400000| PB 0x0000000084400000| Untracked |  0
|  15|0x0000000084500000, 0x0000000084500000, 0x0000000084600000|  0%| F|  |TAMS 0x0000000084500000| PB 0x0000000084500000| Untracked |  0
|  16|0x0000000084600000, 0x0000000084600000, 0x0000000084700000|  0%| F|  |TAMS 0x0000000084600000| PB 0x0000000084600000| Untracked |  0
|  17|0x0000000084700000, 0x0000000084700000, 0x0000000084800000|  0%| F|  |TAMS 0x0000000084700000| PB 0x0000000084700000| Untracked |  0
|  18|0x0000000084800000, 0x0000000084800000, 0x0000000084900000|  0%| F|  |TAMS 0x0000000084800000| PB 0x0000000084800000| Untracked |  0
|  19|0x0000000084900000, 0x0000000084900000, 0x0000000084a00000|  0%| F|  |TAMS 0x0000000084900000| PB 0x0000000084900000| Untracked |  0
|  20|0x0000000084a00000, 0x0000000084a00000, 0x0000000084b00000|  0%| F|  |TAMS 0x0000000084a00000| PB 0x0000000084a00000| Untracked |  0
|  21|0x0000000084b00000, 0x0000000084b00000, 0x0000000084c00000|  0%| F|  |TAMS 0x0000000084b00000| PB 0x0000000084b00000| Untracked |  0
|  22|0x0000000084c00000, 0x0000000084c00000, 0x0000000084d00000|  0%| F|  |TAMS 0x0000000084c00000| PB 0x0000000084c00000| Untracked |  0
|  23|0x0000000084d00000, 0x0000000084d00000, 0x0000000084e00000|  0%| F|  |TAMS 0x0000000084d00000| PB 0x0000000084d00000| Untracked |  0
|  24|0x0000000084e00000, 0x0000000084e00000, 0x0000000084f00000|  0%| F|  |TAMS 0x0000000084e00000| PB 0x0000000084e00000| Untracked |  0
|  25|0x0000000084f00000, 0x0000000084f00000, 0x0000000085000000|  0%| F|  |TAMS 0x0000000084f00000| PB 0x0000000084f00000| Untracked |  0
|  26|0x0000000085000000, 0x0000000085000000, 0x0000000085100000|  0%| F|  |TAMS 0x0000000085000000| PB 0x0000000085000000| Untracked |  0
|  27|0x0000000085100000, 0x0000000085100000, 0x0000000085200000|  0%| F|  |TAMS 0x0000000085100000| PB 0x0000000085100000| Untracked |  0
|  28|0x0000000085200000, 0x0000000085200000, 0x0000000085300000|  0%| F|  |TAMS 0x0000000085200000| PB 0x0000000085200000| Untracked |  0
|  29|0x0000000085300000, 0x0000000085300000, 0x0000000085400000|  0%| F|  |TAMS 0x0000000085300000| PB 0x0000000085300000| Untracked |  0
|  30|0x0000000085400000, 0x0000000085400000, 0x0000000085500000|  0%| F|  |TAMS 0x0000000085400000| PB 0x0000000085400000| Untracked |  0
|  31|0x0000000085500000, 0x0000000085500000, 0x0000000085600000|  0%| F|  |TAMS 0x0000000085500000| PB 0x0000000085500000| Untracked |  0
|  32|0x0000000085600000, 0x0000000085600000, 0x0000000085700000|  0%| F|  |TAMS 0x0000000085600000| PB 0x0000000085600000| Untracked |  0
|  33|0x0000000085700000, 0x0000000085700000, 0x0000000085800000|  0%| F|  |TAMS 0x0000000085700000| PB 0x0000000085700000| Untracked |  0
|  34|0x0000000085800000, 0x0000000085800000, 0x0000000085900000|  0%| F|  |TAMS 0x0000000085800000| PB 0x0000000085800000| Untracked |  0
|  35|0x0000000085900000, 0x0000000085900000, 0x0000000085a00000|  0%| F|  |TAMS 0x0000000085900000| PB 0x0000000085900000| Untracked |  0
|  36|0x0000000085a00000, 0x0000000085a00000, 0x0000000085b00000|  0%| F|  |TAMS 0x0000000085a00000| PB 0x0000000085a00000| Untracked |  0
|  37|0x0000000085b00000, 0x0000000085b00000, 0x0000000085c00000|  0%| F|  |TAMS 0x0000000085b00000| PB 0x0000000085b00000| Untracked |  0
|  38|0x0000000085c00000, 0x0000000085c00000, 0x0000000085d00000|  0%| F|  |TAMS 0x0000000085c00000| PB 0x0000000085c00000| Untracked |  0
|  39|0x0000000085d00000, 0x0000000085d00000, 0x0000000085e00000|  0%| F|  |TAMS 0x0000000085d00000| PB 0x0000000085d00000| Untracked |  0
|  40|0x0000000085e00000, 0x0000000085e00000, 0x0000000085f00000|  0%| F|  |TAMS 0x0000000085e00000| PB 0x0000000085e00000| Untracked |  0
|  41|0x0000000085f00000, 0x0000000085f00000, 0x0000000086000000|  0%| F|  |TAMS 0x0000000085f00000| PB 0x0000000085f00000| Untracked |  0
|  42|0x0000000086000000, 0x0000000086000000, 0x0000000086100000|  0%| F|  |TAMS 0x0000000086000000| PB 0x0000000086000000| Untracked |  0
|  43|0x0000000086100000, 0x0000000086100000, 0x0000000086200000|  0%| F|  |TAMS 0x0000000086100000| PB 0x0000000086100000| Untracked |  0
|  44|0x0000000086200000, 0x0000000086200000, 0x0000000086300000|  0%| F|  |TAMS 0x0000000086200000| PB 0x0000000086200000| Untracked |  0
|  45|0x0000000086300000, 0x0000000086300000, 0x0000000086400000|  0%| F|  |TAMS 0x0000000086300000| PB 0x0000000086300000| Untracked |  0
|  46|0x0000000086400000, 0x0000000086400000, 0x0000000086500000|  0%| F|  |TAMS 0x0000000086400000| PB 0x0000000086400000| Untracked |  0
|  47|0x0000000086500000, 0x0000000086500000, 0x0000000086600000|  0%| F|  |TAMS 0x0000000086500000| PB 0x0000000086500000| Untracked |  0
|  48|0x0000000086600000, 0x0000000086600000, 0x0000000086700000|  0%| F|  |TAMS 0x0000000086600000| PB 0x0000000086600000| Untracked |  0
|  49|0x0000000086700000, 0x0000000086700000, 0x0000000086800000|  0%| F|  |TAMS 0x0000000086700000| PB 0x0000000086700000| Untracked |  0
|  50|0x0000000086800000, 0x0000000086800000, 0x0000000086900000|  0%| F|  |TAMS 0x0000000086800000| PB 0x0000000086800000| Untracked |  0
|  51|0x0000000086900000, 0x0000000086900000, 0x0000000086a00000|  0%| F|  |TAMS 0x0000000086900000| PB 0x0000000086900000| Untracked |  0
|  52|0x0000000086a00000, 0x0000000086a00000, 0x0000000086b00000|  0%| F|  |TAMS 0x0000000086a00000| PB 0x0000000086a00000| Untracked |  0
|  53|0x0000000086b00000, 0x0000000086b00000, 0x0000000086c00000|  0%| F|  |TAMS 0x0000000086b00000| PB 0x0000000086b00000| Untracked |  0
|  54|0x0000000086c00000, 0x0000000086c00000, 0x0000000086d00000|  0%| F|  |TAMS 0x0000000086c00000| PB 0x0000000086c00000| Untracked |  0
|  55|0x0000000086d00000, 0x0000000086d00000, 0x0000000086e00000|  0%| F|  |TAMS 0x0000000086d00000| PB 0x0000000086d00000| Untracked |  0
|  56|0x0000000086e00000, 0x0000000086e00000, 0x0000000086f00000|  0%| F|  |TAMS 0x0000000086e00000| PB 0x0000000086e00000| Untracked |  0
|  57|0x0000000086f00000, 0x0000000086f00000, 0x0000000087000000|  0%| F|  |TAMS 0x0000000086f00000| PB 0x0000000086f00000| Untracked |  0
|  58|0x0000000087000000, 0x0000000087000000, 0x0000000087100000|  0%| F|  |TAMS 0x0000000087000000| PB 0x0000000087000000| Untracked |  0
|  59|0x0000000087100000, 0x0000000087100000, 0x0000000087200000|  0%| F|  |TAMS 0x0000000087100000| PB 0x0000000087100000| Untracked |  0
|  60|0x0000000087200000, 0x0000000087200000, 0x0000000087300000|  0%| F|  |TAMS 0x0000000087200000| PB 0x0000000087200000| Untracked |  0
|  61|0x0000000087300000, 0x0000000087300000, 0x0000000087400000|  0%| F|  |TAMS 0x0000000087300000| PB 0x0000000087300000| Untracked |  0
|  62|0x0000000087400000, 0x0000000087400000, 0x0000000087500000|  0%| F|  |TAMS 0x0000000087400000| PB 0x0000000087400000| Untracked |  0
|  63|0x0000000087500000, 0x0000000087500000, 0x0000000087600000|  0%| F|  |TAMS 0x0000000087500000| PB 0x0000000087500000| Untracked |  0
|  64|0x0000000087600000, 0x0000000087600000, 0x0000000087700000|  0%| F|  |TAMS 0x0000000087600000| PB 0x0000000087600000| Untracked |  0
|  65|0x0000000087700000, 0x0000000087700000, 0x0000000087800000|  0%| F|  |TAMS 0x0000000087700000| PB 0x0000000087700000| Untracked |  0
|  66|0x0000000087800000, 0x0000000087800000, 0x0000000087900000|  0%| F|  |TAMS 0x0000000087800000| PB 0x0000000087800000| Untracked |  0
|  67|0x0000000087900000, 0x0000000087900000, 0x0000000087a00000|  0%| F|  |TAMS 0x0000000087900000| PB 0x0000000087900000| Untracked |  0
|  68|0x0000000087a00000, 0x0000000087a00000, 0x0000000087b00000|  0%| F|  |TAMS 0x0000000087a00000| PB 0x0000000087a00000| Untracked |  0
|  69|0x0000000087b00000, 0x0000000087b00000, 0x0000000087c00000|  0%| F|  |TAMS 0x0000000087b00000| PB 0x0000000087b00000| Untracked |  0
|  70|0x0000000087c00000, 0x0000000087c00000, 0x0000000087d00000|  0%| F|  |TAMS 0x0000000087c00000| PB 0x0000000087c00000| Untracked |  0
|  71|0x0000000087d00000, 0x0000000087d00000, 0x0000000087e00000|  0%| F|  |TAMS 0x0000000087d00000| PB 0x0000000087d00000| Untracked |  0
|  72|0x0000000087e00000, 0x0000000087e00000, 0x0000000087f00000|  0%| F|  |TAMS 0x0000000087e00000| PB 0x0000000087e00000| Untracked |  0
|  73|0x0000000087f00000, 0x0000000087f00000, 0x0000000088000000|  0%| F|  |TAMS 0x0000000087f00000| PB 0x0000000087f00000| Untracked |  0
|  74|0x0000000088000000, 0x0000000088000000, 0x0000000088100000|  0%| F|  |TAMS 0x0000000088000000| PB 0x0000000088000000| Untracked |  0
|  75|0x0000000088100000, 0x0000000088100000, 0x0000000088200000|  0%| F|  |TAMS 0x0000000088100000| PB 0x0000000088100000| Untracked |  0
|  76|0x0000000088200000, 0x0000000088200000, 0x0000000088300000|  0%| F|  |TAMS 0x0000000088200000| PB 0x0000000088200000| Untracked |  0
|  77|0x0000000088300000, 0x0000000088300000, 0x0000000088400000|  0%| F|  |TAMS 0x0000000088300000| PB 0x0000000088300000| Untracked |  0
|  78|0x0000000088400000, 0x0000000088400000, 0x0000000088500000|  0%| F|  |TAMS 0x0000000088400000| PB 0x0000000088400000| Untracked |  0
|  79|0x0000000088500000, 0x0000000088500000, 0x0000000088600000|  0%| F|  |TAMS 0x0000000088500000| PB 0x0000000088500000| Untracked |  0
|  80|0x0000000088600000, 0x0000000088600000, 0x0000000088700000|  0%| F|  |TAMS 0x0000000088600000| PB 0x0000000088600000| Untracked |  0
|  81|0x0000000088700000, 0x0000000088700000, 0x0000000088800000|  0%| F|  |TAMS 0x0000000088700000| PB 0x0000000088700000| Untracked |  0
|  82|0x0000000088800000, 0x0000000088800000, 0x0000000088900000|  0%| F|  |TAMS 0x0000000088800000| PB 0x0000000088800000| Untracked |  0
|  83|0x0000000088900000, 0x0000000088900000, 0x0000000088a00000|  0%| F|  |TAMS 0x0000000088900000| PB 0x0000000088900000| Untracked |  0
|  84|0x0000000088a00000, 0x0000000088a00000, 0x0000000088b00000|  0%| F|  |TAMS 0x0000000088a00000| PB 0x0000000088a00000| Untracked |  0
|  85|0x0000000088b00000, 0x0000000088b00000, 0x0000000088c00000|  0%| F|  |TAMS 0x0000000088b00000| PB 0x0000000088b00000| Untracked |  0
|  86|0x0000000088c00000, 0x0000000088c00000, 0x0000000088d00000|  0%| F|  |TAMS 0x0000000088c00000| PB 0x0000000088c00000| Untracked |  0
|  87|0x0000000088d00000, 0x0000000088d00000, 0x0000000088e00000|  0%| F|  |TAMS 0x0000000088d00000| PB 0x0000000088d00000| Untracked |  0
|  88|0x0000000088e00000, 0x0000000088e00000, 0x0000000088f00000|  0%| F|  |TAMS 0x0000000088e00000| PB 0x0000000088e00000| Untracked |  0
|  89|0x0000000088f00000, 0x0000000088f00000, 0x0000000089000000|  0%| F|  |TAMS 0x0000000088f00000| PB 0x0000000088f00000| Untracked |  0
|  90|0x0000000089000000, 0x0000000089000000, 0x0000000089100000|  0%| F|  |TAMS 0x0000000089000000| PB 0x0000000089000000| Untracked |  0
|  91|0x0000000089100000, 0x0000000089100000, 0x0000000089200000|  0%| F|  |TAMS 0x0000000089100000| PB 0x0000000089100000| Untracked |  0
|  92|0x0000000089200000, 0x0000000089200000, 0x0000000089300000|  0%| F|  |TAMS 0x0000000089200000| PB 0x0000000089200000| Untracked |  0
|  93|0x0000000089300000, 0x0000000089300000, 0x0000000089400000|  0%| F|  |TAMS 0x0000000089300000| PB 0x0000000089300000| Untracked |  0
|  94|0x0000000089400000, 0x0000000089400000, 0x0000000089500000|  0%| F|  |TAMS 0x0000000089400000| PB 0x0000000089400000| Untracked |  0
|  95|0x0000000089500000, 0x0000000089500000, 0x0000000089600000|  0%| F|  |TAMS 0x0000000089500000| PB 0x0000000089500000| Untracked |  0
|  96|0x0000000089600000, 0x0000000089600000, 0x0000000089700000|  0%| F|  |TAMS 0x0000000089600000| PB 0x0000000089600000| Untracked |  0
|  97|0x0000000089700000, 0x0000000089700000, 0x0000000089800000|  0%| F|  |TAMS 0x0000000089700000| PB 0x0000000089700000| Untracked |  0
|  98|0x0000000089800000, 0x0000000089800000, 0x0000000089900000|  0%| F|  |TAMS 0x0000000089800000| PB 0x0000000089800000| Untracked |  0
|  99|0x0000000089900000, 0x0000000089900000, 0x0000000089a00000|  0%| F|  |TAMS 0x0000000089900000| PB 0x0000000089900000| Untracked |  0
| 100|0x0000000089a00000, 0x0000000089a00000, 0x0000000089b00000|  0%| F|  |TAMS 0x0000000089a00000| PB 0x0000000089a00000| Untracked |  0
| 101|0x0000000089b00000, 0x0000000089b00000, 0x0000000089c00000|  0%| F|  |TAMS 0x0000000089b00000| PB 0x0000000089b00000| Untracked |  0
| 102|0x0000000089c00000, 0x0000000089c00000, 0x0000000089d00000|  0%| F|  |TAMS 0x0000000089c00000| PB 0x0000000089c00000| Untracked |  0
| 103|0x0000000089d00000, 0x0000000089d00000, 0x0000000089e00000|  0%| F|  |TAMS 0x0000000089d00000| PB 0x0000000089d00000| Untracked |  0
| 104|0x0000000089e00000, 0x0000000089e00000, 0x0000000089f00000|  0%| F|  |TAMS 0x0000000089e00000| PB 0x0000000089e00000| Untracked |  0
| 105|0x0000000089f00000, 0x0000000089f00000, 0x000000008a000000|  0%| F|  |TAMS 0x0000000089f00000| PB 0x0000000089f00000| Untracked |  0
| 106|0x000000008a000000, 0x000000008a000000, 0x000000008a100000|  0%| F|  |TAMS 0x000000008a000000| PB 0x000000008a000000| Untracked |  0
| 107|0x000000008a100000, 0x000000008a100000, 0x000000008a200000|  0%| F|  |TAMS 0x000000008a100000| PB 0x000000008a100000| Untracked |  0
| 108|0x000000008a200000, 0x000000008a200000, 0x000000008a300000|  0%| F|  |TAMS 0x000000008a200000| PB 0x000000008a200000| Untracked |  0
| 109|0x000000008a300000, 0x000000008a300000, 0x000000008a400000|  0%| F|  |TAMS 0x000000008a300000| PB 0x000000008a300000| Untracked |  0
| 110|0x000000008a400000, 0x000000008a400000, 0x000000008a500000|  0%| F|  |TAMS 0x000000008a400000| PB 0x000000008a400000| Untracked |  0
| 111|0x000000008a500000, 0x000000008a500000, 0x000000008a600000|  0%| F|  |TAMS 0x000000008a500000| PB 0x000000008a500000| Untracked |  0
| 112|0x000000008a600000, 0x000000008a600000, 0x000000008a700000|  0%| F|  |TAMS 0x000000008a600000| PB 0x000000008a600000| Untracked |  0
| 113|0x000000008a700000, 0x000000008a700000, 0x000000008a800000|  0%| F|  |TAMS 0x000000008a700000| PB 0x000000008a700000| Untracked |  0
| 114|0x000000008a800000, 0x000000008a800000, 0x000000008a900000|  0%| F|  |TAMS 0x000000008a800000| PB 0x000000008a800000| Untracked |  0
| 115|0x000000008a900000, 0x000000008a900000, 0x000000008aa00000|  0%| F|  |TAMS 0x000000008a900000| PB 0x000000008a900000| Untracked |  0
| 116|0x000000008aa00000, 0x000000008aa00000, 0x000000008ab00000|  0%| F|  |TAMS 0x000000008aa00000| PB 0x000000008aa00000| Untracked |  0
| 117|0x000000008ab00000, 0x000000008ab00000, 0x000000008ac00000|  0%| F|  |TAMS 0x000000008ab00000| PB 0x000000008ab00000| Untracked |  0
| 118|0x000000008ac00000, 0x000000008ac00000, 0x000000008ad00000|  0%| F|  |TAMS 0x000000008ac00000| PB 0x000000008ac00000| Untracked |  0
| 119|0x000000008ad00000, 0x000000008ad00000, 0x000000008ae00000|  0%| F|  |TAMS 0x000000008ad00000| PB 0x000000008ad00000| Untracked |  0
| 120|0x000000008ae00000, 0x000000008ae00000, 0x000000008af00000|  0%| F|  |TAMS 0x000000008ae00000| PB 0x000000008ae00000| Untracked |  0
| 121|0x000000008af00000, 0x000000008af84010, 0x000000008b000000| 51%| E|  |TAMS 0x000000008af00000| PB 0x000000008af00000| Complete |  0
| 122|0x000000008b000000, 0x000000008b100000, 0x000000008b100000|100%| E|CS|TAMS 0x000000008b000000| PB 0x000000008b000000| Complete |  0
| 123|0x000000008b100000, 0x000000008b200000, 0x000000008b200000|100%| E|CS|TAMS 0x000000008b100000| PB 0x000000008b100000| Complete |  0
| 124|0x000000008b200000, 0x000000008b300000, 0x000000008b300000|100%| E|CS|TAMS 0x000000008b200000| PB 0x000000008b200000| Complete |  0
| 125|0x000000008b300000, 0x000000008b400000, 0x000000008b400000|100%| E|CS|TAMS 0x000000008b300000| PB 0x000000008b300000| Complete |  0
|1992|0x00000000ffe00000, 0x00000000fff00000, 0x00000000fff00000|100%| O|  |TAMS 0x00000000ffe00000| PB 0x00000000ffe00000| Untracked |  0
|1993|0x00000000fff00000, 0x00000000fff25608, 0x0000000100000000| 14%| O|  |TAMS 0x00000000fff00000| PB 0x00000000fff00000| Untracked |  0

Card table byte_map: [0x0000024deb730000,0x0000024debb20000] _byte_map_base: 0x0000024deb315000

Marking Bits: (CMBitMap*) 0x0000024dd3b013c0
 Bits: [0x0000024debb20000, 0x0000024deda48000)

Polling page: 0x0000024dd1850000

Metaspace:
Metaspace        used 1168K, committed 1280K, reserved 1114112K
 class space     used 85K, committed 128K, reserved 1048576K

Usage:
  Non-class:      1.06 MB used.
      Class:     85.55 KB used.
       Both:      1.14 MB used.

Virtual space:
  Non-class space:       64.00 MB reserved,       1.12 MB (  2%) committed,  1 nodes.
      Class space:        1.00 GB reserved,     128.00 KB ( <1%) committed,  1 nodes.
             Both:        1.06 GB reserved,       1.25 MB ( <1%) committed. 

Chunk freelists:
   Non-Class:  11.90 MB
       Class:  15.71 MB
        Both:  27.61 MB

MaxMetaspaceSize: unlimited
CompressedClassSpaceSize: 1.00 GB
Initial GC threshold: 21.00 MB
Current GC threshold: 21.00 MB
CDS: on
 - commit_granule_bytes: 65536.
 - commit_granule_words: 8192.
 - virtual_space_node_default_size: 8388608.
 - enlarge_chunks_in_place: 1.
UseCompressedClassPointers 1, UseCompactObjectHeaders 0
Narrow klass pointer bits 32, Max shift 3
Narrow klass base: 0x000000003c000000, Narrow klass shift: 0
Encoding Range: [0x000000003c000000 - 0x000000013c000000), (4294967296 bytes)
Klass Range:    [0x000000003c010000 - 0x000000007d000000), (1090453504 bytes)
Klass ID Range:  [65536 - 1090519033) (1090453497)
Protection zone: [0x000000003c000000 - 0x000000003c010000), (65536 bytes)


Internal statistics:

num_allocs_failed_limit: 0.
num_arena_births: 72.
num_arena_deaths: 0.
num_vsnodes_births: 2.
num_vsnodes_deaths: 0.
num_space_committed: 20.
num_space_uncommitted: 0.
num_chunks_returned_to_freelist: 0.
num_chunks_taken_from_freelist: 100.
num_chunk_merges: 0.
num_chunk_splits: 58.
num_chunks_enlarged: 18.
num_inconsistent_stats: 0.

CodeHeap 'non-profiled nmethods': size=120064Kb used=130Kb max_used=130Kb free=119933Kb
 bounds [0x0000024de3e00000, 0x0000024de4070000, 0x0000024deb340000]
CodeHeap 'profiled nmethods': size=120000Kb used=508Kb max_used=508Kb free=119491Kb
 bounds [0x0000024ddc340000, 0x0000024ddc5b0000, 0x0000024de3870000]
CodeHeap 'non-nmethods': size=5696Kb used=1334Kb max_used=1341Kb free=4362Kb
 bounds [0x0000024de3870000, 0x0000024de3ae0000, 0x0000024de3e00000]
CodeCache: size=245760Kb, used=1972Kb, max_used=1979Kb, free=243786Kb
 total_blobs=915, nmethods=451, adapters=368, full_count=0
Compilation: enabled, stopped_count=0, restarted_count=0

Compilation events (20 events):
Event: 0.356 Thread 0x0000024deffffb40  422       3       java.util.ImmutableCollections$ListN::size (6 bytes)
Event: 0.356 Thread 0x0000024deffffb40 nmethod 422 0x0000024ddc3beb08 code [0x0000024ddc3bec00, 0x0000024ddc3bed10]
Event: 0.356 Thread 0x0000024deffffb40  438       3       java.lang.invoke.LambdaForm::parameterType (9 bytes)
Event: 0.357 Thread 0x0000024deffffb40 nmethod 438 0x0000024ddc3bee08 code [0x0000024ddc3bef00, 0x0000024ddc3bf058]
Event: 0.357 Thread 0x0000024deffffb40  326       1       java.lang.invoke.LambdaForm$Name::index (5 bytes)
Event: 0.357 Thread 0x0000024deffffb40 nmethod 326 0x0000024de3e1f188 code [0x0000024de3e1f280, 0x0000024de3e1f348]
Event: 0.357 Thread 0x0000024deffffb40  306       1       jdk.internal.util.WeakReferenceKey::hashCode (5 bytes)
Event: 0.357 Thread 0x0000024deffffb40 nmethod 306 0x0000024de3e1f488 code [0x0000024de3e1f580, 0x0000024de3e1f648]
Event: 0.357 Thread 0x0000024deffffb40  368       1       java.lang.invoke.LambdaForm$Name::type (5 bytes)
Event: 0.357 Thread 0x0000024deffffb40 nmethod 368 0x0000024de3e1f788 code [0x0000024de3e1f880, 0x0000024de3e1f948]
Event: 0.357 Thread 0x0000024deffffb40  416       1       jdk.internal.classfile.impl.AbstractPoolEntry$MethodRefEntryImpl::tag (3 bytes)
Event: 0.357 Thread 0x0000024deffffb40 nmethod 416 0x0000024de3e1fa88 code [0x0000024de3e1fb80, 0x0000024de3e1fc48]
Event: 0.357 Thread 0x0000024deffffb40  421       1       jdk.internal.constant.MethodTypeDescImpl::returnType (5 bytes)
Event: 0.357 Thread 0x0000024deffffb40 nmethod 421 0x0000024de3e1fd88 code [0x0000024de3e1fe80, 0x0000024de3e1ff48]
Event: 0.357 Thread 0x0000024deffffb40  309       1       java.lang.module.ModuleDescriptor::isOpen (5 bytes)
Event: 0.357 Thread 0x0000024deffffb40 nmethod 309 0x0000024de3e20088 code [0x0000024de3e20180, 0x0000024de3e20248]
Event: 0.357 Thread 0x0000024deffffb40  436       1       java.lang.classfile.Opcode::bytecode (5 bytes)
Event: 0.357 Thread 0x0000024deffffb40 nmethod 436 0x0000024de3e20388 code [0x0000024de3e20480, 0x0000024de3e20548]
Event: 0.357 Thread 0x0000024deffffb40  444       1       jdk.internal.util.ClassFileDumper::isEnabled (5 bytes)
Event: 0.357 Thread 0x0000024deffffb40 nmethod 444 0x0000024de3e20688 code [0x0000024de3e20780, 0x0000024de3e20848]

GC Heap Usage History (0 events):
No events

Metaspace Usage History (0 events):
No events

Dll operation events (7 events):
Event: 0.033 Loaded shared library C:\Program Files\Java\jdk-25\bin\java.dll
Event: 0.186 Loaded shared library C:\Program Files\Java\jdk-25\bin\zip.dll
Event: 0.191 Loaded shared library C:\Program Files\Java\jdk-25\bin\instrument.dll
Event: 0.203 Loaded shared library C:\Program Files\Java\jdk-25\bin\net.dll
Event: 0.207 Loaded shared library C:\Program Files\Java\jdk-25\bin\nio.dll
Event: 0.216 Loaded shared library C:\Program Files\Java\jdk-25\bin\zip.dll
Event: 0.276 Loaded shared library C:\Program Files\Java\jdk-25\bin\extnet.dll

Deoptimization events (0 events):
No events

Classes loaded (20 events):
Event: 0.323 Loading class java/lang/StackStreamFactory$FrameBuffer done
Event: 0.323 Loading class java/lang/StackStreamFactory$StackFrameBuffer done
Event: 0.326 Loading class java/util/stream/WhileOps
Event: 0.327 Loading class java/util/stream/WhileOps done
Event: 0.327 Loading class java/util/stream/WhileOps$1Op
Event: 0.327 Loading class java/util/stream/WhileOps$DropWhileOp
Event: 0.327 Loading class java/util/stream/WhileOps$DropWhileOp done
Event: 0.327 Loading class java/util/stream/WhileOps$1Op done
Event: 0.327 Loading class java/util/stream/SliceOps
Event: 0.327 Loading class java/util/stream/SliceOps done
Event: 0.327 Loading class java/util/stream/SliceOps$1
Event: 0.327 Loading class java/util/stream/SliceOps$1 done
Event: 0.330 Loading class java/util/stream/SliceOps$1$1
Event: 0.330 Loading class java/util/stream/SliceOps$1$1 done
Event: 0.330 Loading class java/util/stream/WhileOps$1Op$1OpSink
Event: 0.330 Loading class java/util/stream/WhileOps$DropWhileSink
Event: 0.330 Loading class java/util/stream/WhileOps$DropWhileSink done
Event: 0.330 Loading class java/util/stream/WhileOps$1Op$1OpSink done
Event: 0.332 Loading class java/util/Formatter$FixedString
Event: 0.332 Loading class java/util/Formatter$FixedString done

Classes unloaded (0 events):
No events

Classes redefined (0 events):
No events

Internal exceptions (11 events):
Event: 0.218 Thread 0x0000024dd3aa8ea0 Exception <a 'java/lang/NoSuchMethodError'{0x000000008b1b6170}: 'void java.lang.invoke.DirectMethodHandle$Holder.invokeStatic(java.lang.Object, java.lang.Object, java.lang.Object)'> (0x000000008b1b6170) 
thrown [s\open\src\hotspot\share\interpreter\linkResolver.cpp, line 804]
Event: 0.232 Thread 0x0000024dd3aa8ea0 Exception <a 'java/lang/NoSuchMethodError'{0x000000008b1eb008}: 'java.lang.Object java.lang.invoke.Invokers$Holder.invokeExact_MT(java.lang.Object, java.lang.Object, java.lang.Object, java.lang.Object, java.lang.Object)'> (0x000000008b1eb008) 
thrown [s\open\src\hotspot\share\interpreter\linkResolver.cpp, line 804]
Event: 0.254 Thread 0x0000024dd3aa8ea0 Exception <a 'java/lang/NoSuchMethodError'{0x000000008b0946a8}: 'java.lang.Object java.lang.invoke.DirectMethodHandle$Holder.invokeSpecial(java.lang.Object, java.lang.Object, java.lang.Object, java.lang.Object, java.lang.Object, double)'> (0x000000008b0946a8) 
thrown [s\open\src\hotspot\share\interpreter\linkResolver.cpp, line 804]
Event: 0.257 Thread 0x0000024dd3aa8ea0 Exception <a 'java/lang/NoSuchMethodError'{0x000000008b0a5138}: 'java.lang.Object java.lang.invoke.Invokers$Holder.linkToTargetMethod(java.lang.Object, java.lang.Object, double, java.lang.Object)'> (0x000000008b0a5138) 
thrown [s\open\src\hotspot\share\interpreter\linkResolver.cpp, line 804]
Event: 0.264 Thread 0x0000024dd3aa8ea0 Exception <a 'java/lang/NoSuchMethodError'{0x000000008b0b9e98}: 'java.lang.Object java.lang.invoke.DirectMethodHandle$Holder.invokeSpecial(java.lang.Object, java.lang.Object, java.lang.Object, java.lang.Object, java.lang.Object, int)'> (0x000000008b0b9e98) 
thrown [s\open\src\hotspot\share\interpreter\linkResolver.cpp, line 804]
Event: 0.271 Thread 0x0000024df0195580 Exception <a 'java/lang/NoSuchMethodError'{0x000000008b00d078}: 'java.lang.Object java.lang.invoke.DirectMethodHandle$Holder.invokeStaticInit(java.lang.Object)'> (0x000000008b00d078) 
thrown [s\open\src\hotspot\share\interpreter\linkResolver.cpp, line 804]
Event: 0.275 Thread 0x0000024dd3aa8ea0 Exception <a 'java/lang/NoSuchMethodError'{0x000000008b0ca800}: 'java.lang.Object java.lang.invoke.Invokers$Holder.linkToTargetMethod(java.lang.Object, java.lang.Object, int, java.lang.Object)'> (0x000000008b0ca800) 
thrown [s\open\src\hotspot\share\interpreter\linkResolver.cpp, line 804]
Event: 0.281 Thread 0x0000024df0195580 Exception <a 'java/lang/NoSuchMethodError'{0x000000008b017e20}: 'void java.lang.invoke.DirectMethodHandle$Holder.invokeStatic(java.lang.Object, java.lang.Object)'> (0x000000008b017e20) 
thrown [s\open\src\hotspot\share\interpreter\linkResolver.cpp, line 804]
Event: 0.286 Thread 0x0000024dd3aa8ea0 Exception <a 'java/lang/NoSuchMethodError'{0x000000008b0ec0b8}: 'java.lang.Object java.lang.invoke.DelegatingMethodHandle$Holder.reinvoke_L(java.lang.Object, java.lang.Object, java.lang.Object, int, double)'> (0x000000008b0ec0b8) 
thrown [s\open\src\hotspot\share\interpreter\linkResolver.cpp, line 804]
Event: 0.305 Thread 0x0000024dd3aa8ea0 Exception <a 'java/lang/NoSuchMethodError'{0x000000008af3abc0}: 'java.lang.Object java.lang.invoke.DelegatingMethodHandle$Holder.reinvoke_L(java.lang.Object, java.lang.Object, java.lang.Object, java.lang.Object, double, java.lang.Object)'> (0x000000008af3abc0) 
thrown [s\open\src\hotspot\share\interpreter\linkResolver.cpp, line 804]
Event: 0.307 Thread 0x0000024dd3aa8ea0 Exception <a 'java/lang/NoSuchMethodError'{0x000000008af4b0f8}: 'java.lang.Object java.lang.invoke.Invokers$Holder.linkToTargetMethod(java.lang.Object, java.lang.Object, double, java.lang.Object, java.lang.Object)'> (0x000000008af4b0f8) 
thrown [s\open\src\hotspot\share\interpreter\linkResolver.cpp, line 804]

VM Operations (2 events):
Event: 0.156 Executing non-safepoint VM operation: HandshakeAllThreads (Deoptimize)
Event: 0.156 Executing non-safepoint VM operation: HandshakeAllThreads (Deoptimize) done

Memory protections (0 events):
No events

Nmethod flushes (0 events):
No events

Events (12 events):
Event: 0.072 Thread 0x0000024dd3aa8ea0 Thread added: 0x0000024dd3aa8ea0
Event: 0.098 Thread 0x0000024dd3aa8ea0 Thread added: 0x0000024deffbdf50
Event: 0.098 Thread 0x0000024dd3aa8ea0 Thread added: 0x0000024deffbec60
Event: 0.098 Thread 0x0000024dd3aa8ea0 Thread added: 0x0000024deffc2ac0
Event: 0.098 Thread 0x0000024dd3aa8ea0 Thread added: 0x0000024deffc3680
Event: 0.098 Thread 0x0000024dd3aa8ea0 Thread added: 0x0000024deffc6250
Event: 0.099 Thread 0x0000024dd3aa8ea0 Thread added: 0x0000024deffc6e10
Event: 0.099 Thread 0x0000024dd3aa8ea0 Thread added: 0x0000024deffdc900
Event: 0.099 Thread 0x0000024dd3aa8ea0 Thread added: 0x0000024deffffb40
Event: 0.199 Thread 0x0000024dd3aa8ea0 Thread added: 0x0000024df01b31b0
Event: 0.237 Thread 0x0000024dd3aa8ea0 Thread added: 0x0000024df0195580
Event: 0.237 Thread 0x0000024dd3aa8ea0 Thread added: 0x0000024df0195d40


Dynamic libraries:
0x00007ff783550000 - 0x00007ff783560000 	C:\Program Files\Java\jdk-25\bin\java.exe
0x00007ffaa6dd0000 - 0x00007ffaa6fc5000 	C:\Windows\SYSTEM32\ntdll.dll
0x00007ffaa5dc0000 - 0x00007ffaa5e7e000 	C:\Windows\System32\KERNEL32.DLL
0x00007ffaa4600000 - 0x00007ffaa48c8000 	C:\Windows\System32\KERNELBASE.dll
0x00007ffaa4920000 - 0x00007ffaa4a20000 	C:\Windows\System32\ucrtbase.dll
0x00007ffa9e840000 - 0x00007ffa9e857000 	C:\Program Files\Java\jdk-25\bin\jli.dll
0x00007ffaa5110000 - 0x00007ffaa52b0000 	C:\Windows\System32\USER32.dll
0x00007ffaa4530000 - 0x00007ffaa4552000 	C:\Windows\System32\win32u.dll
0x00007ffa9e6f0000 - 0x00007ffa9e70e000 	C:\Program Files\Java\jdk-25\bin\VCRUNTIME140.dll
0x00007ffaa4fb0000 - 0x00007ffaa4fda000 	C:\Windows\System32\GDI32.dll
0x00007ffa986e0000 - 0x00007ffa9897a000 	C:\Windows\WinSxS\amd64_microsoft.windows.common-controls_6595b64144ccf1df_6.0.19041.1110_none_60b5254171f9507e\COMCTL32.dll
0x00007ffaa4f10000 - 0x00007ffaa4fae000 	C:\Windows\System32\msvcrt.dll
0x00007ffaa4c10000 - 0x00007ffaa4d1b000 	C:\Windows\System32\gdi32full.dll
0x00007ffaa4560000 - 0x00007ffaa45fd000 	C:\Windows\System32\msvcp_win.dll
0x00007ffaa52b0000 - 0x00007ffaa52e0000 	C:\Windows\System32\IMM32.DLL
0x00007ffaa1c70000 - 0x00007ffaa1c7c000 	C:\Program Files\Java\jdk-25\bin\vcruntime140_1.dll
0x00007ffa9d990000 - 0x00007ffa9da1d000 	C:\Program Files\Java\jdk-25\bin\msvcp140.dll
0x00007ffa53d80000 - 0x00007ffa54bdf000 	C:\Program Files\Java\jdk-25\bin\server\jvm.dll
0x00007ffaa6c00000 - 0x00007ffaa6cae000 	C:\Windows\System32\ADVAPI32.dll
0x00007ffaa6160000 - 0x00007ffaa61fc000 	C:\Windows\System32\sechost.dll
0x00007ffaa4fe0000 - 0x00007ffaa5105000 	C:\Windows\System32\RPCRT4.dll
0x00007ffaa5e80000 - 0x00007ffaa5eeb000 	C:\Windows\System32\WS2_32.dll
0x00007ffaa4330000 - 0x00007ffaa437b000 	C:\Windows\SYSTEM32\POWRPROF.dll
0x00007ffa99e90000 - 0x00007ffa99eb7000 	C:\Windows\SYSTEM32\WINMM.dll
0x00007ffa9b060000 - 0x00007ffa9b06a000 	C:\Windows\SYSTEM32\VERSION.dll
0x00007ffaa4310000 - 0x00007ffaa4322000 	C:\Windows\SYSTEM32\UMPDC.dll
0x00007ffaa23e0000 - 0x00007ffaa23f2000 	C:\Windows\SYSTEM32\kernel.appcore.dll
0x00007ffa9e7d0000 - 0x00007ffa9e7da000 	C:\Program Files\Java\jdk-25\bin\jimage.dll
0x00007ffa99ef0000 - 0x00007ffa9a0d4000 	C:\Windows\SYSTEM32\DBGHELP.DLL
0x00007ffa99ec0000 - 0x00007ffa99eec000 	C:\Windows\SYSTEM32\dbgcore.DLL
0x00007ffaa4a20000 - 0x00007ffaa4aa2000 	C:\Windows\System32\bcryptPrimitives.dll
0x00007ffa9e6b0000 - 0x00007ffa9e6c0000 	C:\Program Files\Java\jdk-25\bin\instrument.dll
0x00007ffa9e690000 - 0x00007ffa9e6af000 	C:\Program Files\Java\jdk-25\bin\java.dll
0x00007ffaa5b00000 - 0x00007ffaa5c2a000 	C:\Windows\System32\ole32.dll
0x00007ffaa6830000 - 0x00007ffaa6b84000 	C:\Windows\System32\combase.dll
0x00007ffaa53b0000 - 0x00007ffaa5af4000 	C:\Windows\System32\SHELL32.dll
0x00007ffaa25e0000 - 0x00007ffaa2d74000 	C:\Windows\SYSTEM32\windows.storage.dll
0x00007ffaa3ec0000 - 0x00007ffaa3eec000 	C:\Windows\SYSTEM32\Wldp.dll
0x00007ffaa6cb0000 - 0x00007ffaa6d5d000 	C:\Windows\System32\SHCORE.dll
0x00007ffaa5d60000 - 0x00007ffaa5db5000 	C:\Windows\System32\shlwapi.dll
0x00007ffaa4400000 - 0x00007ffaa441f000 	C:\Windows\SYSTEM32\profapi.dll
0x00007ffa9dc40000 - 0x00007ffa9dc57000 	C:\Program Files\Java\jdk-25\bin\zip.dll
0x00007ffa9dc20000 - 0x00007ffa9dc32000 	C:\Program Files\Java\jdk-25\bin\net.dll
0x00007ffaa3bc0000 - 0x00007ffaa3c2a000 	C:\Windows\system32\mswsock.dll
0x00007ffa9db40000 - 0x00007ffa9db56000 	C:\Program Files\Java\jdk-25\bin\nio.dll
0x00007ffa9e680000 - 0x00007ffa9e689000 	C:\Program Files\Java\jdk-25\bin\extnet.dll

JVMTI agents:
C:\Program Files\JetBrains\IntelliJ IDEA Community Edition 2025.2.3\lib\idea_rt.jar path:C:\Program Files\Java\jdk-25\bin\instrument.dll, loaded, initialized, instrumentlib options:61976

dbghelp: loaded successfully - version: 4.0.5 - missing functions: none
symbol engine: initialized successfully - sym options: 0x614 - pdb path: .;C:\Program Files\Java\jdk-25\bin;C:\Windows\SYSTEM32;C:\Windows\WinSxS\amd64_microsoft.windows.common-controls_6595b64144ccf1df_6.0.19041.1110_none_60b5254171f9507e;C:\Program Files\Java\jdk-25\bin\server

VM Arguments:
jvm_args: -javaagent:C:\Program Files\JetBrains\IntelliJ IDEA Community Edition 2025.2.3\lib\idea_rt.jar=61976 -Dfile.encoding=UTF-8 -Dsun.stdout.encoding=UTF-8 -Dsun.stderr.encoding=UTF-8 
java_command: Lesson_8.task_star_star.MyMain
java_class_path (initial): C:\Users\fenix\IdeaProjects\_C38-onl_\out\production\_C38-onl_
Launcher Type: SUN_STANDARD

[Global flags]
     intx CICompilerCount                          = 3                                         {product} {ergonomic}
     uint ConcGCThreads                            = 1                                         {product} {ergonomic}
     uint G1ConcRefinementThreads                  = 4                                         {product} {ergonomic}
   size_t G1HeapRegionSize                         = 1048576                                   {product} {ergonomic}
   size_t InitialHeapSize                          = 132120576                                 {product} {ergonomic}
   size_t MarkStackSize                            = 4194304                                   {product} {ergonomic}
   size_t MarkStackSizeMax                         = 536870912                                 {product} {ergonomic}
   size_t MaxHeapSize                              = 2090860544                                {product} {ergonomic}
   size_t MaxNewSize                               = 1254096896                                {product} {ergonomic}
   size_t MinHeapDeltaBytes                        = 1048576                                   {product} {ergonomic}
   size_t MinHeapSize                              = 8388608                                   {product} {ergonomic}
    uintx NonNMethodCodeHeapSize                   = 5832704                                {pd product} {ergonomic}
    uintx NonProfiledCodeHeapSize                  = 122945536                              {pd product} {ergonomic}
    uintx ProfiledCodeHeapSize                     = 122880000                              {pd product} {ergonomic}
    uintx ReservedCodeCacheSize                    = 251658240                              {pd product} {ergonomic}
     bool SegmentedCodeCache                       = true                                      {product} {ergonomic}
   size_t SoftMaxHeapSize                          = 2090860544                             {manageable} {ergonomic}
     bool UseCompressedOops                        = true                           {product lp64_product} {ergonomic}
     bool UseG1GC                                  = true                                      {product} {ergonomic}
     bool UseLargePagesIndividualAllocation        = false                                  {pd product} {ergonomic}

Logging:
Log output configuration:
 #0: stdout all=warning uptime,level,tags foldmultilines=false
 #1: stderr all=off uptime,level,tags foldmultilines=false

Release file:
IMPLEMENTOR="Oracle Corporation" 
JAVA_RUNTIME_VERSION="25+37-LTS-3491" 
JAVA_VERSION="25" 
JAVA_VERSION_DATE="2025-09-16" 
LIBC="default" 
MODULES="java.base java.compiler java.datatransfer java.xml java.prefs java.desktop java.instrument java.logging java.management java.security.sasl java.naming java.rmi java.management.rmi java.net.http java.scripting java.security.jgss java.transaction.xa java.sql java.sql.rowset java.xml.crypto java.se java.smartcardio jdk.accessibility jdk.internal.jvmstat jdk.attach jdk.charsets jdk.internal.opt jdk.zipfs jdk.compiler jdk.crypto.cryptoki jdk.crypto.ec jdk.crypto.mscapi jdk.dynalink jdk.internal.ed jdk.editpad jdk.internal.vm.ci jdk.graal.compiler jdk.graal.compiler.management jdk.hotspot.agent jdk.httpserver jdk.incubator.vector jdk.internal.le jdk.internal.md jdk.jartool jdk.javadoc jdk.jcmd jdk.management jdk.management.agent jdk.jconsole jdk.jdeps jdk.jdwp.agent jdk.jdi jdk.jfr jdk.jlink jdk.jpackage jdk.jshell jdk.jsobject jdk.jstatd jdk.localedata jdk.management.jfr jdk.naming.dns jdk.naming.rmi jdk.net jdk.nio.mapmode jdk.sctp jdk.security.auth jdk.security.jgss jdk.unsupported jdk.unsupported.desktop jdk.xml.dom" 
OS_ARCH="x86_64" 
OS_NAME="Windows" 
SOURCE=".:git:49d6a23b8806 open:git:6c48f4ed707b" 

Environment Variables:
PATH=C:\Program Files\Common Files\Oracle\Java\javapath;C:\Program Files\Smart Projects\IsoBuster;C:\Windows\system32;C:\Windows;C:\Windows\System32\Wbem;C:\Windows\System32\WindowsPowerShell\v1.0\;C:\Windows\System32\OpenSSH\;C:\Program Files (x86)\NVIDIA Corporation\PhysX\Common;C:\Program Files (x86)\Smart Projects\IsoBuster;C:\Program Files\RuDesktop\;C:\Program Files\Java\jdk-25\bin;C:\Program Files\Git\cmd;C:\Users\fenix\AppData\Local\Microsoft\WindowsApps;C:\Users\fenix\AppData\Local\GitHubDesktop\bin;C:\Program Files\JetBrains\IntelliJ IDEA Community Edition 2025.2.3\bin
USERNAME=fenix
OS=Windows_NT
PROCESSOR_IDENTIFIER=Intel64 Family 6 Model 42 Stepping 7, GenuineIntel
TMP=C:\Users\fenix\AppData\Local\Temp
TEMP=C:\Users\fenix\AppData\Local\Temp




Compilation memory statistics disabled.

Periodic native trim disabled

---------------  S Y S T E M  ---------------

OS:
 Windows 10 , 64 bit Build 19041 (10.0.19041.1645)
OS uptime: 0 days 9:19 hours

CPU: total 4 (initial active 4) (2 cores per cpu, 2 threads per core) family 6 model 42 stepping 7 microcode 0x2f, cx8, cmov, fxsr, ht, mmx, sse, sse2, sse3, ssse3, sse4.1, sse4.2, popcnt, tsc, tscinvbit, avx, clmul, vzeroupper, clflush, rdtscp
Processor Information for the first 4 processors :
  Max Mhz: 2501, Current Mhz: 2501, Mhz Limit: 2501

Memory: 4k page, system-wide physical 7968M (2254M free)
TotalPageFile size 11936M (AvailPageFile size 5213M)
current process WorkingSet (physical memory assigned to process): 48M, peak: 48M
current process commit charge ("private bytes"): 209M, peak: 209M

vm_info: Java HotSpot(TM) 64-Bit Server VM (25+37-LTS-3491) for windows-amd64 JRE (25+37-LTS-3491), built on 2025-08-14T21:13:00Z with unknown MS VC++:1943

END.
